2022-12-02 12:00:17,277 INFO w.d.WebDriverFactory [main] Драйвер браузера Google Chrome
2022-12-02 12:00:19,985 INFO h.DriverHooks [main] Драйвер стартовал!
2022-12-02 12:00:27,703 INFO w.p.StartPage [main] Открыта страница https://www.dns-shop.ru/
2022-12-02 12:00:27,704 INFO s.StartPageSteps [main] Страница [Стартовая страница DNS]: Открыта "Стартовая страница сайта DNS"
2022-12-02 12:00:29,468 INFO h.DriverHooks [main] Драйвер остановлен!
2022-12-02 12:03:40,632 INFO w.d.WebDriverFactory [main] Драйвер браузера Google Chrome
2022-12-02 12:03:43,521 INFO h.DriverHooks [main] Драйвер стартовал!
2022-12-02 12:03:47,058 INFO w.p.StartPage [main] Открыта страница https://www.dns-shop.ru/
2022-12-02 12:03:47,058 INFO s.StartPageSteps [main] Страница [Стартовая страница DNS]: Открыта "Стартовая страница сайта DNS"
2022-12-02 12:03:48,892 INFO h.DriverHooks [main] Драйвер остановлен!
2022-12-02 16:10:15,949 INFO w.d.WebDriverFactory [main] Драйвер браузера Google Chrome
2022-12-02 16:10:26,853 INFO h.DriverHooks [main] Драйвер стартовал!
2022-12-02 16:10:32,318 INFO w.p.StartPage [main] Открыта страница https://www.dns-shop.ru/
2022-12-02 16:10:32,319 INFO s.StartPageSteps [main] Страница [Стартовая страница DNS]: Открыта "Стартовая страница сайта DNS"
2022-12-02 16:10:34,345 INFO h.DriverHooks [main] Драйвер остановлен!
2022-12-02 16:10:34,358 INFO w.d.WebDriverFactory [main] Драйвер браузера Google Chrome
2022-12-02 16:10:35,610 INFO h.DriverHooks [main] Драйвер стартовал!
2022-12-02 16:10:39,440 INFO w.p.StartPage [main] Открыта страница https://www.dns-shop.ru/
2022-12-02 16:10:39,441 INFO s.StartPageSteps [main] Страница [Стартовая страница DNS]: Открыта "Стартовая страница сайта DNS"
2022-12-02 16:10:41,065 INFO h.DriverHooks [main] Драйвер остановлен!
2022-12-02 16:11:52,804 INFO w.d.WebDriverFactory [main] Драйвер браузера Google Chrome
2022-12-02 16:11:54,861 INFO h.DriverHooks [main] Драйвер стартовал!
2022-12-02 16:11:59,009 INFO w.p.StartPage [main] Открыта страница https://www.dns-shop.ru/
2022-12-02 16:11:59,010 INFO s.StartPageSteps [main] Страница [Стартовая страница DNS]: Открыта "Стартовая страница сайта DNS"
2022-12-02 16:12:10,959 INFO h.DriverHooks [main] Драйвер остановлен!
2022-12-02 16:12:10,972 INFO w.d.WebDriverFactory [main] Драйвер браузера Google Chrome
2022-12-02 16:12:12,180 INFO h.DriverHooks [main] Драйвер стартовал!
2022-12-02 16:12:15,277 INFO w.p.StartPage [main] Открыта страница https://www.dns-shop.ru/
2022-12-02 16:12:15,277 INFO s.StartPageSteps [main] Страница [Стартовая страница DNS]: Открыта "Стартовая страница сайта DNS"
2022-12-02 16:12:27,383 INFO h.DriverHooks [main] Драйвер остановлен!
2022-12-02 16:13:02,074 INFO w.d.WebDriverFactory [main] Драйвер браузера Google Chrome
2022-12-02 16:13:04,146 INFO h.DriverHooks [main] Драйвер стартовал!
2022-12-02 16:13:08,436 INFO w.p.StartPage [main] Открыта страница https://www.dns-shop.ru/
2022-12-02 16:13:08,436 INFO s.StartPageSteps [main] Страница [Стартовая страница DNS]: Открыта "Стартовая страница сайта DNS"
2022-12-02 16:13:12,175 INFO s.StartPageSteps [main] Страница [Стартовая страница DNS]: Выполнен переход на страницу "Смартфоны"
2022-12-02 16:13:13,078 INFO s.SmartphonesPageSteps [main] Страница [Смартфоны]: Открыта страница "Смартфоны"
2022-12-02 16:13:14,138 INFO s.SmartphonesPageSteps [main] Страница [Смартфоны]: Установлена сортировка "Сначала дорогие"
2022-12-02 16:13:17,541 INFO s.SmartphonesPageSteps [main] Страница [Смартфоны]: В фильтре "Производитель" выбрано значение "Samsung"
2022-12-02 16:13:22,665 INFO s.SmartphonesPageSteps [main] Страница [Смартфоны]: В фильтре "Объем оперативной памяти" выбрано значение "8 Гб"
2022-12-02 16:13:25,492 INFO s.SmartphonesPageSteps [main] Страница [Смартфоны]: Применены фильтры
2022-12-02 16:13:40,037 INFO s.SmartphonesPageSteps [main] Страница [Смартфоны]: Выполнен переход на страницу первого продукта в списке
2022-12-02 16:13:40,899 INFO s.SmartphoneProductPageSteps [main] Страница [Продукт. Смартфон]: Открыта страница "Продукт. Смартфон"
2022-12-02 16:13:41,478 INFO s.SmartphoneProductPageSteps [main] Страница [Продукт. Смартфон]: Заголовок страницы "Продукт. Смартфон" содержит текст "Samsung"
2022-12-02 16:13:42,065 INFO h.DriverHooks [main] Драйвер остановлен!
2022-12-02 16:15:13,727 INFO w.d.WebDriverFactory [main] Драйвер браузера Google Chrome
2022-12-02 16:15:15,844 INFO h.DriverHooks [main] Драйвер стартовал!
2022-12-02 16:15:16,520 INFO h.ScreenShotHooks [main] Скриншот сохранен в файле [temp\Просмотр страницы Смартфоны-1669986916294.png]
2022-12-02 16:15:19,622 INFO w.p.StartPage [main] Открыта страница https://www.dns-shop.ru/
2022-12-02 16:15:19,623 INFO s.StartPageSteps [main] Страница [Стартовая страница DNS]: Открыта "Стартовая страница сайта DNS"
2022-12-02 16:15:20,512 INFO h.ScreenShotHooks [main] Скриншот сохранен в файле [temp\Просмотр страницы Смартфоны-1669986920367.png]
2022-12-02 16:15:20,937 INFO h.ScreenShotHooks [main] Скриншот сохранен в файле [temp\Просмотр страницы Смартфоны-1669986920813.png]
2022-12-02 16:15:23,225 INFO s.StartPageSteps [main] Страница [Стартовая страница DNS]: Выполнен переход на страницу "Смартфоны"
2022-12-02 16:15:23,813 INFO h.ScreenShotHooks [main] Скриншот сохранен в файле [temp\Просмотр страницы Смартфоны-1669986923666.png]
2022-12-02 16:15:24,274 INFO h.ScreenShotHooks [main] Скриншот сохранен в файле [temp\Просмотр страницы Смартфоны-1669986924160.png]
2022-12-02 16:15:24,281 INFO s.SmartphonesPageSteps [main] Страница [Смартфоны]: Открыта страница "Смартфоны"
2022-12-02 16:15:24,695 INFO h.ScreenShotHooks [main] Скриншот сохранен в файле [temp\Просмотр страницы Смартфоны-1669986924571.png]
2022-12-02 16:15:25,108 INFO h.ScreenShotHooks [main] Скриншот сохранен в файле [temp\Просмотр страницы Смартфоны-1669986924979.png]
2022-12-02 16:15:25,449 INFO s.SmartphonesPageSteps [main] Страница [Смартфоны]: Установлена сортировка "Сначала дорогие"
2022-12-02 16:15:26,058 INFO h.ScreenShotHooks [main] Скриншот сохранен в файле [temp\Просмотр страницы Смартфоны-1669986925807.png]
2022-12-02 16:15:26,772 INFO h.ScreenShotHooks [main] Скриншот сохранен в файле [temp\Просмотр страницы Смартфоны-1669986926643.png]
2022-12-02 16:15:29,279 INFO s.SmartphonesPageSteps [main] Страница [Смартфоны]: В фильтре "Производитель" выбрано значение "Samsung"
2022-12-02 16:15:29,800 INFO h.ScreenShotHooks [main] Скриншот сохранен в файле [temp\Просмотр страницы Смартфоны-1669986929694.png]
2022-12-02 16:15:30,214 INFO h.ScreenShotHooks [main] Скриншот сохранен в файле [temp\Просмотр страницы Смартфоны-1669986930109.png]
2022-12-02 16:15:34,611 INFO s.SmartphonesPageSteps [main] Страница [Смартфоны]: В фильтре "Объем оперативной памяти" выбрано значение "8 Гб"
2022-12-02 16:15:35,049 INFO h.ScreenShotHooks [main] Скриншот сохранен в файле [temp\Просмотр страницы Смартфоны-1669986934941.png]
2022-12-02 16:15:35,469 INFO h.ScreenShotHooks [main] Скриншот сохранен в файле [temp\Просмотр страницы Смартфоны-1669986935369.png]
2022-12-02 16:15:37,672 INFO s.SmartphonesPageSteps [main] Страница [Смартфоны]: Применены фильтры
2022-12-02 16:15:38,204 INFO h.ScreenShotHooks [main] Скриншот сохранен в файле [temp\Просмотр страницы Смартфоны-1669986938087.png]
2022-12-02 16:15:38,739 INFO h.ScreenShotHooks [main] Скриншот сохранен в файле [temp\Просмотр страницы Смартфоны-1669986938625.png]
2022-12-02 16:15:50,009 INFO s.SmartphonesPageSteps [main] Страница [Смартфоны]: Выполнен переход на страницу первого продукта в списке
2022-12-02 16:15:50,437 INFO h.ScreenShotHooks [main] Скриншот сохранен в файле [temp\Просмотр страницы Смартфоны-1669986950330.png]
2022-12-02 16:15:50,859 INFO h.ScreenShotHooks [main] Скриншот сохранен в файле [temp\Просмотр страницы Смартфоны-1669986950757.png]
2022-12-02 16:15:50,860 INFO s.SmartphoneProductPageSteps [main] Страница [Продукт. Смартфон]: Открыта страница "Продукт. Смартфон"
2022-12-02 16:15:51,312 INFO h.ScreenShotHooks [main] Скриншот сохранен в файле [temp\Просмотр страницы Смартфоны-1669986951157.png]
2022-12-02 16:15:51,729 INFO h.ScreenShotHooks [main] Скриншот сохранен в файле [temp\Просмотр страницы Смартфоны-1669986951607.png]
2022-12-02 16:15:51,739 INFO s.SmartphoneProductPageSteps [main] Страница [Продукт. Смартфон]: Заголовок страницы "Продукт. Смартфон" содержит текст "Samsung"
2022-12-02 16:15:52,166 INFO h.ScreenShotHooks [main] Скриншот сохранен в файле [temp\Просмотр страницы Смартфоны-1669986952048.png]
2022-12-02 16:15:52,500 INFO h.DriverHooks [main] Драйвер остановлен!
2022-12-02 16:15:52,513 INFO w.d.WebDriverFactory [main] Драйвер браузера Google Chrome
2022-12-02 16:15:53,769 INFO h.DriverHooks [main] Драйвер стартовал!
2022-12-02 16:15:54,295 INFO h.ScreenShotHooks [main] Скриншот сохранен в файле [temp\Проверка заголовка страницы Смартфоны-1669986954199.png]
2022-12-02 16:15:57,812 INFO w.p.StartPage [main] Открыта страница https://www.dns-shop.ru/
2022-12-02 16:15:57,813 INFO s.StartPageSteps [main] Страница [Стартовая страница DNS]: Открыта "Стартовая страница сайта DNS"
2022-12-02 16:15:58,807 INFO h.ScreenShotHooks [main] Скриншот сохранен в файле [temp\Проверка заголовка страницы Смартфоны-1669986958694.png]
2022-12-02 16:15:59,392 INFO h.ScreenShotHooks [main] Скриншот сохранен в файле [temp\Проверка заголовка страницы Смартфоны-1669986959216.png]
2022-12-02 16:16:02,356 INFO s.StartPageSteps [main] Страница [Стартовая страница DNS]: Выполнен переход на страницу "Смартфоны"
2022-12-02 16:16:02,841 INFO h.ScreenShotHooks [main] Скриншот сохранен в файле [temp\Проверка заголовка страницы Смартфоны-1669986962735.png]
2022-12-02 16:16:03,298 INFO h.ScreenShotHooks [main] Скриншот сохранен в файле [temp\Проверка заголовка страницы Смартфоны-1669986963145.png]
2022-12-02 16:16:03,300 INFO s.SmartphonesPageSteps [main] Страница [Смартфоны]: Открыта страница "Смартфоны"
2022-12-02 16:16:03,740 INFO h.ScreenShotHooks [main] Скриншот сохранен в файле [temp\Проверка заголовка страницы Смартфоны-1669986963637.png]
2022-12-02 16:16:04,139 INFO h.ScreenShotHooks [main] Скриншот сохранен в файле [temp\Проверка заголовка страницы Смартфоны-1669986964037.png]
2022-12-02 16:16:04,146 INFO s.SmartphonesPageSteps [main] Страница [Смартфоны]: Заголовок страницы "Смартфоны" содержит текст "Смартфоны"
2022-12-02 16:16:04,544 INFO h.ScreenShotHooks [main] Скриншот сохранен в файле [temp\Проверка заголовка страницы Смартфоны-1669986964421.png]
2022-12-02 16:16:04,729 INFO h.DriverHooks [main] Драйвер остановлен!
2022-12-02 16:19:08,985 INFO w.d.WebDriverFactory [main] Драйвер браузера Google Chrome
2022-12-02 16:19:10,907 INFO h.DriverHooks [main] Драйвер стартовал!
2022-12-02 16:19:11,409 INFO h.ScreenShotHooks [main] Скриншот сохранен в файле [temp\Просмотр страницы Смартфоны-1669987151274.png]
2022-12-02 16:19:15,005 INFO w.p.StartPage [main] Открыта страница https://www.dns-shop.ru/
2022-12-02 16:19:15,005 INFO s.StartPageSteps [main] Страница [Стартовая страница DNS]: Открыта "Стартовая страница сайта DNS"
2022-12-02 16:19:15,549 INFO h.ScreenShotHooks [main] Скриншот сохранен в файле [temp\Просмотр страницы Смартфоны-1669987155416.png]
2022-12-02 16:19:16,081 INFO h.ScreenShotHooks [main] Скриншот сохранен в файле [temp\Просмотр страницы Смартфоны-1669987155926.png]
2022-12-02 16:19:18,105 INFO s.StartPageSteps [main] Страница [Стартовая страница DNS]: Выполнен переход на страницу "Смартфоны"
2022-12-02 16:19:18,976 INFO h.ScreenShotHooks [main] Скриншот сохранен в файле [temp\Просмотр страницы Смартфоны-1669987158844.png]
2022-12-02 16:19:19,385 INFO h.ScreenShotHooks [main] Скриншот сохранен в файле [temp\Просмотр страницы Смартфоны-1669987159282.png]
2022-12-02 16:19:19,392 INFO s.SmartphonesPageSteps [main] Страница [Смартфоны]: Открыта страница "Смартфоны"
2022-12-02 16:19:19,780 INFO h.ScreenShotHooks [main] Скриншот сохранен в файле [temp\Просмотр страницы Смартфоны-1669987159676.png]
2022-12-02 16:19:20,203 INFO h.ScreenShotHooks [main] Скриншот сохранен в файле [temp\Просмотр страницы Смартфоны-1669987160073.png]
2022-12-02 16:19:20,483 INFO s.SmartphonesPageSteps [main] Страница [Смартфоны]: Установлена сортировка "Сначала дорогие"
2022-12-02 16:19:21,039 INFO h.ScreenShotHooks [main] Скриншот сохранен в файле [temp\Просмотр страницы Смартфоны-1669987160917.png]
2022-12-02 16:19:21,694 INFO h.ScreenShotHooks [main] Скриншот сохранен в файле [temp\Просмотр страницы Смартфоны-1669987161587.png]
2022-12-02 16:19:24,246 INFO s.SmartphonesPageSteps [main] Страница [Смартфоны]: В фильтре "Производитель" выбрано значение "Samsung"
2022-12-02 16:19:24,760 INFO h.ScreenShotHooks [main] Скриншот сохранен в файле [temp\Просмотр страницы Смартфоны-1669987164648.png]
2022-12-02 16:19:25,167 INFO h.ScreenShotHooks [main] Скриншот сохранен в файле [temp\Просмотр страницы Смартфоны-1669987165058.png]
2022-12-02 16:19:29,553 INFO s.SmartphonesPageSteps [main] Страница [Смартфоны]: В фильтре "Объем оперативной памяти" выбрано значение "8 Гб"
2022-12-02 16:19:30,044 INFO h.ScreenShotHooks [main] Скриншот сохранен в файле [temp\Просмотр страницы Смартфоны-1669987169922.png]
2022-12-02 16:19:30,429 INFO h.ScreenShotHooks [main] Скриншот сохранен в файле [temp\Просмотр страницы Смартфоны-1669987170325.png]
2022-12-02 16:19:32,586 INFO s.SmartphonesPageSteps [main] Страница [Смартфоны]: Применены фильтры
2022-12-02 16:19:33,091 INFO h.ScreenShotHooks [main] Скриншот сохранен в файле [temp\Просмотр страницы Смартфоны-1669987172938.png]
2022-12-02 16:19:33,770 INFO h.ScreenShotHooks [main] Скриншот сохранен в файле [temp\Просмотр страницы Смартфоны-1669987173647.png]
2022-12-02 16:19:46,307 INFO s.SmartphonesPageSteps [main] Страница [Смартфоны]: Выполнен переход на страницу первого продукта в списке
2022-12-02 16:19:46,760 INFO h.ScreenShotHooks [main] Скриншот сохранен в файле [temp\Просмотр страницы Смартфоны-1669987186627.png]
2022-12-02 16:19:47,228 INFO h.ScreenShotHooks [main] Скриншот сохранен в файле [temp\Просмотр страницы Смартфоны-1669987187106.png]
2022-12-02 16:19:47,230 INFO s.SmartphoneProductPageSteps [main] Страница [Продукт. Смартфон]: Открыта страница "Продукт. Смартфон"
2022-12-02 16:19:47,625 INFO h.ScreenShotHooks [main] Скриншот сохранен в файле [temp\Просмотр страницы Смартфоны-1669987187525.png]
2022-12-02 16:19:48,017 INFO h.ScreenShotHooks [main] Скриншот сохранен в файле [temp\Просмотр страницы Смартфоны-1669987187919.png]
2022-12-02 16:19:48,027 INFO s.SmartphoneProductPageSteps [main] Страница [Продукт. Смартфон]: Заголовок страницы "Продукт. Смартфон" содержит текст "Samsung"
2022-12-02 16:19:48,425 INFO h.ScreenShotHooks [main] Скриншот сохранен в файле [temp\Просмотр страницы Смартфоны-1669987188315.png]
2022-12-02 16:19:48,880 INFO h.DriverHooks [main] Драйвер остановлен!
2022-12-02 16:19:48,900 INFO w.d.WebDriverFactory [main] Драйвер браузера Google Chrome
2022-12-02 16:19:50,126 INFO h.DriverHooks [main] Драйвер стартовал!
2022-12-02 16:19:50,852 INFO h.ScreenShotHooks [main] Скриншот сохранен в файле [temp\Проверка заголовка страницы Смартфоны-1669987190721.png]
2022-12-02 16:19:54,430 INFO w.p.StartPage [main] Открыта страница https://www.dns-shop.ru/
2022-12-02 16:19:54,431 INFO s.StartPageSteps [main] Страница [Стартовая страница DNS]: Открыта "Стартовая страница сайта DNS"
2022-12-02 16:19:55,195 INFO h.ScreenShotHooks [main] Скриншот сохранен в файле [temp\Проверка заголовка страницы Смартфоны-1669987195076.png]
2022-12-02 16:19:55,757 INFO h.ScreenShotHooks [main] Скриншот сохранен в файле [temp\Проверка заголовка страницы Смартфоны-1669987195619.png]
2022-12-02 16:19:58,088 INFO s.StartPageSteps [main] Страница [Стартовая страница DNS]: Выполнен переход на страницу "Смартфоны"
2022-12-02 16:19:58,640 INFO h.ScreenShotHooks [main] Скриншот сохранен в файле [temp\Проверка заголовка страницы Смартфоны-1669987198518.png]
2022-12-02 16:19:59,076 INFO h.ScreenShotHooks [main] Скриншот сохранен в файле [temp\Проверка заголовка страницы Смартфоны-1669987198970.png]
2022-12-02 16:19:59,078 INFO s.SmartphonesPageSteps [main] Страница [Смартфоны]: Открыта страница "Смартфоны"
2022-12-02 16:19:59,492 INFO h.ScreenShotHooks [main] Скриншот сохранен в файле [temp\Проверка заголовка страницы Смартфоны-1669987199385.png]
2022-12-02 16:19:59,932 INFO h.ScreenShotHooks [main] Скриншот сохранен в файле [temp\Проверка заголовка страницы Смартфоны-1669987199807.png]
2022-12-02 16:19:59,939 INFO s.SmartphonesPageSteps [main] Страница [Смартфоны]: Заголовок страницы "Смартфоны" содержит текст "Смартфоны"
2022-12-02 16:20:00,416 INFO h.ScreenShotHooks [main] Скриншот сохранен в файле [temp\Проверка заголовка страницы Смартфоны-1669987200241.png]
2022-12-02 16:20:00,589 INFO h.DriverHooks [main] Драйвер остановлен!
2022-12-02 16:24:51,700 INFO w.d.WebDriverFactory [main] Драйвер браузера Google Chrome
2022-12-02 16:24:53,735 INFO h.DriverHooks [main] Драйвер стартовал!
2022-12-02 16:24:54,336 INFO h.ScreenShotHooks [main] Скриншот сохранен в файле [temp\Просмотр страницы Смартфоны-1669987494184.png]
2022-12-02 16:24:57,280 INFO w.p.StartPage [main] Открыта страница https://www.dns-shop.ru/
2022-12-02 16:24:57,281 INFO s.StartPageSteps [main] Страница [Стартовая страница DNS]: Открыта "Стартовая страница сайта DNS"
2022-12-02 16:24:58,138 INFO h.ScreenShotHooks [main] Скриншот сохранен в файле [temp\Просмотр страницы Смартфоны-1669987497991.png]
2022-12-02 16:24:58,690 INFO h.ScreenShotHooks [main] Скриншот сохранен в файле [temp\Просмотр страницы Смартфоны-1669987498540.png]
2022-12-02 16:25:00,875 INFO s.StartPageSteps [main] Страница [Стартовая страница DNS]: Выполнен переход на страницу "Смартфоны"
2022-12-02 16:25:01,513 INFO h.ScreenShotHooks [main] Скриншот сохранен в файле [temp\Просмотр страницы Смартфоны-1669987501397.png]
2022-12-02 16:25:01,895 INFO h.ScreenShotHooks [main] Скриншот сохранен в файле [temp\Просмотр страницы Смартфоны-1669987501792.png]
2022-12-02 16:25:01,901 INFO s.SmartphonesPageSteps [main] Страница [Смартфоны]: Открыта страница "Смартфоны"
2022-12-02 16:25:02,305 INFO h.ScreenShotHooks [main] Скриншот сохранен в файле [temp\Просмотр страницы Смартфоны-1669987502189.png]
2022-12-02 16:25:02,712 INFO h.ScreenShotHooks [main] Скриншот сохранен в файле [temp\Просмотр страницы Смартфоны-1669987502598.png]
2022-12-02 16:25:02,985 INFO s.SmartphonesPageSteps [main] Страница [Смартфоны]: Установлена сортировка "Сначала дорогие"
2022-12-02 16:25:03,521 INFO h.ScreenShotHooks [main] Скриншот сохранен в файле [temp\Просмотр страницы Смартфоны-1669987503404.png]
2022-12-02 16:25:04,164 INFO h.ScreenShotHooks [main] Скриншот сохранен в файле [temp\Просмотр страницы Смартфоны-1669987504053.png]
2022-12-02 16:25:06,735 INFO s.SmartphonesPageSteps [main] Страница [Смартфоны]: В фильтре "Производитель" выбрано значение "Samsung"
2022-12-02 16:25:07,255 INFO h.ScreenShotHooks [main] Скриншот сохранен в файле [temp\Просмотр страницы Смартфоны-1669987507146.png]
2022-12-02 16:25:07,677 INFO h.ScreenShotHooks [main] Скриншот сохранен в файле [temp\Просмотр страницы Смартфоны-1669987507561.png]
2022-12-02 16:25:12,038 INFO s.SmartphonesPageSteps [main] Страница [Смартфоны]: В фильтре "Объем оперативной памяти" выбрано значение "8 Гб"
2022-12-02 16:25:12,484 INFO h.ScreenShotHooks [main] Скриншот сохранен в файле [temp\Просмотр страницы Смартфоны-1669987512378.png]
2022-12-02 16:25:12,899 INFO h.ScreenShotHooks [main] Скриншот сохранен в файле [temp\Просмотр страницы Смартфоны-1669987512794.png]
2022-12-02 16:25:15,050 INFO s.SmartphonesPageSteps [main] Страница [Смартфоны]: Применены фильтры
2022-12-02 16:25:15,490 INFO h.ScreenShotHooks [main] Скриншот сохранен в файле [temp\Просмотр страницы Смартфоны-1669987515378.png]
2022-12-02 16:25:16,085 INFO h.ScreenShotHooks [main] Скриншот сохранен в файле [temp\Просмотр страницы Смартфоны-1669987515975.png]
2022-12-02 16:25:26,208 INFO s.SmartphonesPageSteps [main] Страница [Смартфоны]: Выполнен переход на страницу первого продукта в списке
2022-12-02 16:25:26,640 INFO h.ScreenShotHooks [main] Скриншот сохранен в файле [temp\Просмотр страницы Смартфоны-1669987526538.png]
2022-12-02 16:25:27,062 INFO h.ScreenShotHooks [main] Скриншот сохранен в файле [temp\Просмотр страницы Смартфоны-1669987526965.png]
2022-12-02 16:25:27,063 INFO s.SmartphoneProductPageSteps [main] Страница [Продукт. Смартфон]: Открыта страница "Продукт. Смартфон"
2022-12-02 16:25:27,441 INFO h.ScreenShotHooks [main] Скриншот сохранен в файле [temp\Просмотр страницы Смартфоны-1669987527345.png]
2022-12-02 16:25:27,846 INFO h.ScreenShotHooks [main] Скриншот сохранен в файле [temp\Просмотр страницы Смартфоны-1669987527740.png]
2022-12-02 16:25:27,855 INFO s.SmartphoneProductPageSteps [main] Страница [Продукт. Смартфон]: Заголовок страницы "Продукт. Смартфон" содержит текст "Samsung"
2022-12-02 16:25:28,318 INFO h.ScreenShotHooks [main] Скриншот сохранен в файле [temp\Просмотр страницы Смартфоны-1669987528172.png]
2022-12-02 16:25:28,618 INFO h.DriverHooks [main] Драйвер остановлен!
2022-12-02 16:25:28,631 INFO w.d.WebDriverFactory [main] Драйвер браузера Google Chrome
2022-12-02 16:25:29,755 INFO h.DriverHooks [main] Драйвер стартовал!
2022-12-02 16:25:30,256 INFO h.ScreenShotHooks [main] Скриншот сохранен в файле [temp\Проверка заголовка страницы Смартфоны-1669987530151.png]
2022-12-02 16:25:33,131 INFO w.p.StartPage [main] Открыта страница https://www.dns-shop.ru/
2022-12-02 16:25:33,131 INFO s.StartPageSteps [main] Страница [Стартовая страница DNS]: Открыта "Стартовая страница сайта DNS"
2022-12-02 16:25:33,779 INFO h.ScreenShotHooks [main] Скриншот сохранен в файле [temp\Проверка заголовка страницы Смартфоны-1669987533656.png]
2022-12-02 16:25:34,289 INFO h.ScreenShotHooks [main] Скриншот сохранен в файле [temp\Проверка заголовка страницы Смартфоны-1669987534178.png]
2022-12-02 16:25:36,475 INFO s.StartPageSteps [main] Страница [Стартовая страница DNS]: Выполнен переход на страницу "Смартфоны"
2022-12-02 16:25:37,012 INFO h.ScreenShotHooks [main] Скриншот сохранен в файле [temp\Проверка заголовка страницы Смартфоны-1669987536896.png]
2022-12-02 16:25:37,443 INFO h.ScreenShotHooks [main] Скриншот сохранен в файле [temp\Проверка заголовка страницы Смартфоны-1669987537331.png]
2022-12-02 16:25:37,445 INFO s.SmartphonesPageSteps [main] Страница [Смартфоны]: Открыта страница "Смартфоны"
2022-12-02 16:25:37,872 INFO h.ScreenShotHooks [main] Скриншот сохранен в файле [temp\Проверка заголовка страницы Смартфоны-1669987537761.png]
2022-12-02 16:25:38,296 INFO h.ScreenShotHooks [main] Скриншот сохранен в файле [temp\Проверка заголовка страницы Смартфоны-1669987538182.png]
2022-12-02 16:25:38,303 INFO s.SmartphonesPageSteps [main] Страница [Смартфоны]: Заголовок страницы "Смартфоны" содержит текст "Смартфоны"
2022-12-02 16:25:38,755 INFO h.ScreenShotHooks [main] Скриншот сохранен в файле [temp\Проверка заголовка страницы Смартфоны-1669987538629.png]
2022-12-02 16:25:38,934 INFO h.DriverHooks [main] Драйвер остановлен!
2022-12-02 16:25:38,950 INFO w.d.WebDriverFactory [main] Драйвер браузера Google Chrome
2022-12-02 16:25:39,696 INFO h.DriverHooks [main] Драйвер стартовал!
2022-12-02 16:25:40,140 INFO h.ScreenShotHooks [main] Скриншот сохранен в файле [temp\Фильтрация и сортировка смартфонов на странице Смартфоны-1669987540013.png]
2022-12-02 16:25:44,800 INFO w.p.StartPage [main] Открыта страница https://www.dns-shop.ru/
2022-12-02 16:25:44,800 INFO s.StartPageSteps [main] Страница [Стартовая страница DNS]: Открыта "Стартовая страница сайта DNS"
2022-12-02 16:25:45,218 INFO h.ScreenShotHooks [main] Скриншот сохранен в файле [temp\Фильтрация и сортировка смартфонов на странице Смартфоны-1669987545109.png]
2022-12-02 16:25:45,617 INFO h.ScreenShotHooks [main] Скриншот сохранен в файле [temp\Фильтрация и сортировка смартфонов на странице Смартфоны-1669987545509.png]
2022-12-02 16:25:48,251 INFO s.StartPageSteps [main] Страница [Стартовая страница DNS]: Выполнен переход на страницу "Смартфоны"
2022-12-02 16:25:48,728 INFO h.ScreenShotHooks [main] Скриншот сохранен в файле [temp\Фильтрация и сортировка смартфонов на странице Смартфоны-1669987548624.png]
2022-12-02 16:25:49,141 INFO h.ScreenShotHooks [main] Скриншот сохранен в файле [temp\Фильтрация и сортировка смартфонов на странице Смартфоны-1669987549005.png]
2022-12-02 16:25:49,143 INFO s.SmartphonesPageSteps [main] Страница [Смартфоны]: Открыта страница "Смартфоны"
2022-12-02 16:25:49,714 INFO h.ScreenShotHooks [main] Скриншот сохранен в файле [temp\Фильтрация и сортировка смартфонов на странице Смартфоны-1669987549501.png]
2022-12-02 16:25:50,107 INFO h.ScreenShotHooks [main] Скриншот сохранен в файле [temp\Фильтрация и сортировка смартфонов на странице Смартфоны-1669987549998.png]
2022-12-02 16:25:50,396 INFO s.SmartphonesPageSteps [main] Страница [Смартфоны]: Установлена сортировка "Сначала популярные"
2022-12-02 16:25:51,028 INFO h.ScreenShotHooks [main] Скриншот сохранен в файле [temp\Фильтрация и сортировка смартфонов на странице Смартфоны-1669987550860.png]
2022-12-02 16:25:51,590 INFO h.ScreenShotHooks [main] Скриншот сохранен в файле [temp\Фильтрация и сортировка смартфонов на странице Смартфоны-1669987551480.png]
2022-12-02 16:25:53,762 INFO s.SmartphonesPageSteps [main] Страница [Смартфоны]: В фильтре "Производитель" выбрано значение "Apple"
2022-12-02 16:25:54,280 INFO h.ScreenShotHooks [main] Скриншот сохранен в файле [temp\Фильтрация и сортировка смартфонов на странице Смартфоны-1669987554173.png]
2022-12-02 16:25:54,673 INFO h.ScreenShotHooks [main] Скриншот сохранен в файле [temp\Фильтрация и сортировка смартфонов на странице Смартфоны-1669987554569.png]
2022-12-02 16:25:59,024 INFO s.SmartphonesPageSteps [main] Страница [Смартфоны]: В фильтре "Объем оперативной памяти" выбрано значение "6 Гб"
2022-12-02 16:25:59,453 INFO h.ScreenShotHooks [main] Скриншот сохранен в файле [temp\Фильтрация и сортировка смартфонов на странице Смартфоны-1669987559347.png]
2022-12-02 16:25:59,864 INFO h.ScreenShotHooks [main] Скриншот сохранен в файле [temp\Фильтрация и сортировка смартфонов на странице Смартфоны-1669987559752.png]
2022-12-02 16:26:02,018 INFO s.SmartphonesPageSteps [main] Страница [Смартфоны]: Применены фильтры
2022-12-02 16:26:02,509 INFO h.ScreenShotHooks [main] Скриншот сохранен в файле [temp\Фильтрация и сортировка смартфонов на странице Смартфоны-1669987562385.png]
2022-12-02 16:26:03,068 INFO h.ScreenShotHooks [main] Скриншот сохранен в файле [temp\Фильтрация и сортировка смартфонов на странице Смартфоны-1669987562925.png]
2022-12-02 16:26:13,670 INFO s.SmartphonesPageSteps [main] Страница [Смартфоны]: Выполнен переход на страницу первого продукта в списке
2022-12-02 16:26:14,182 INFO h.ScreenShotHooks [main] Скриншот сохранен в файле [temp\Фильтрация и сортировка смартфонов на странице Смартфоны-1669987574075.png]
2022-12-02 16:26:14,652 INFO h.ScreenShotHooks [main] Скриншот сохранен в файле [temp\Фильтрация и сортировка смартфонов на странице Смартфоны-1669987574543.png]
2022-12-02 16:26:14,652 INFO s.SmartphoneProductPageSteps [main] Страница [Продукт. Смартфон]: Открыта страница "Продукт. Смартфон"
2022-12-02 16:26:15,102 INFO h.ScreenShotHooks [main] Скриншот сохранен в файле [temp\Фильтрация и сортировка смартфонов на странице Смартфоны-1669987574991.png]
2022-12-02 16:26:15,587 INFO h.ScreenShotHooks [main] Скриншот сохранен в файле [temp\Фильтрация и сортировка смартфонов на странице Смартфоны-1669987575475.png]
2022-12-02 16:26:15,594 INFO s.SmartphoneProductPageSteps [main] Страница [Продукт. Смартфон]: Заголовок страницы "Продукт. Смартфон" содержит текст "Apple"
2022-12-02 16:26:16,026 INFO h.ScreenShotHooks [main] Скриншот сохранен в файле [temp\Фильтрация и сортировка смартфонов на странице Смартфоны-1669987575914.png]
2022-12-02 16:26:16,483 INFO h.DriverHooks [main] Драйвер остановлен!
2022-12-02 16:26:16,505 INFO w.d.WebDriverFactory [main] Драйвер браузера Google Chrome
2022-12-02 16:26:17,709 INFO h.DriverHooks [main] Драйвер стартовал!
2022-12-02 16:26:18,280 INFO h.ScreenShotHooks [main] Скриншот сохранен в файле [temp\Фильтрация и сортировка смартфонов на странице Смартфоны-1669987578161.png]
2022-12-02 16:26:21,559 INFO w.p.StartPage [main] Открыта страница https://www.dns-shop.ru/
2022-12-02 16:26:21,559 INFO s.StartPageSteps [main] Страница [Стартовая страница DNS]: Открыта "Стартовая страница сайта DNS"
2022-12-02 16:26:22,287 INFO h.ScreenShotHooks [main] Скриншот сохранен в файле [temp\Фильтрация и сортировка смартфонов на странице Смартфоны-1669987582150.png]
2022-12-02 16:26:22,865 INFO h.ScreenShotHooks [main] Скриншот сохранен в файле [temp\Фильтрация и сортировка смартфонов на странице Смартфоны-1669987582741.png]
2022-12-02 16:26:24,955 INFO s.StartPageSteps [main] Страница [Стартовая страница DNS]: Выполнен переход на страницу "Смартфоны"
2022-12-02 16:26:25,598 INFO h.ScreenShotHooks [main] Скриншот сохранен в файле [temp\Фильтрация и сортировка смартфонов на странице Смартфоны-1669987585491.png]
2022-12-02 16:26:26,104 INFO h.ScreenShotHooks [main] Скриншот сохранен в файле [temp\Фильтрация и сортировка смартфонов на странице Смартфоны-1669987585998.png]
2022-12-02 16:26:26,105 INFO s.SmartphonesPageSteps [main] Страница [Смартфоны]: Открыта страница "Смартфоны"
2022-12-02 16:26:26,504 INFO h.ScreenShotHooks [main] Скриншот сохранен в файле [temp\Фильтрация и сортировка смартфонов на странице Смартфоны-1669987586397.png]
2022-12-02 16:26:26,918 INFO h.ScreenShotHooks [main] Скриншот сохранен в файле [temp\Фильтрация и сортировка смартфонов на странице Смартфоны-1669987586781.png]
2022-12-02 16:26:27,202 INFO s.SmartphonesPageSteps [main] Страница [Смартфоны]: Установлена сортировка "Сначала популярные"
2022-12-02 16:26:27,752 INFO h.ScreenShotHooks [main] Скриншот сохранен в файле [temp\Фильтрация и сортировка смартфонов на странице Смартфоны-1669987587628.png]
2022-12-02 16:26:28,359 INFO h.ScreenShotHooks [main] Скриншот сохранен в файле [temp\Фильтрация и сортировка смартфонов на странице Смартфоны-1669987588248.png]
2022-12-02 16:26:30,558 INFO s.SmartphonesPageSteps [main] Страница [Смартфоны]: В фильтре "Производитель" выбрано значение "Apple"
2022-12-02 16:26:31,125 INFO h.ScreenShotHooks [main] Скриншот сохранен в файле [temp\Фильтрация и сортировка смартфонов на странице Смартфоны-1669987591003.png]
2022-12-02 16:26:31,550 INFO h.ScreenShotHooks [main] Скриншот сохранен в файле [temp\Фильтрация и сортировка смартфонов на странице Смартфоны-1669987591438.png]
2022-12-02 16:26:35,856 INFO s.SmartphonesPageSteps [main] Страница [Смартфоны]: В фильтре "Объем оперативной памяти" выбрано значение "4 Гб"
2022-12-02 16:26:36,316 INFO h.ScreenShotHooks [main] Скриншот сохранен в файле [temp\Фильтрация и сортировка смартфонов на странице Смартфоны-1669987596205.png]
2022-12-02 16:26:36,700 INFO h.ScreenShotHooks [main] Скриншот сохранен в файле [temp\Фильтрация и сортировка смартфонов на странице Смартфоны-1669987596597.png]
2022-12-02 16:26:38,854 INFO s.SmartphonesPageSteps [main] Страница [Смартфоны]: Применены фильтры
2022-12-02 16:26:39,322 INFO h.ScreenShotHooks [main] Скриншот сохранен в файле [temp\Фильтрация и сортировка смартфонов на странице Смартфоны-1669987599210.png]
2022-12-02 16:26:39,806 INFO h.ScreenShotHooks [main] Скриншот сохранен в файле [temp\Фильтрация и сортировка смартфонов на странице Смартфоны-1669987599694.png]
2022-12-02 16:26:50,801 INFO s.SmartphonesPageSteps [main] Страница [Смартфоны]: Выполнен переход на страницу первого продукта в списке
2022-12-02 16:26:51,268 INFO h.ScreenShotHooks [main] Скриншот сохранен в файле [temp\Фильтрация и сортировка смартфонов на странице Смартфоны-1669987611145.png]
2022-12-02 16:26:51,700 INFO h.ScreenShotHooks [main] Скриншот сохранен в файле [temp\Фильтрация и сортировка смартфонов на странице Смартфоны-1669987611601.png]
2022-12-02 16:26:51,701 INFO s.SmartphoneProductPageSteps [main] Страница [Продукт. Смартфон]: Открыта страница "Продукт. Смартфон"
2022-12-02 16:26:52,168 INFO h.ScreenShotHooks [main] Скриншот сохранен в файле [temp\Фильтрация и сортировка смартфонов на странице Смартфоны-1669987612056.png]
2022-12-02 16:26:52,567 INFO h.ScreenShotHooks [main] Скриншот сохранен в файле [temp\Фильтрация и сортировка смартфонов на странице Смартфоны-1669987612461.png]
2022-12-02 16:26:52,573 INFO s.SmartphoneProductPageSteps [main] Страница [Продукт. Смартфон]: Заголовок страницы "Продукт. Смартфон" содержит текст "Apple"
2022-12-02 16:26:52,966 INFO h.ScreenShotHooks [main] Скриншот сохранен в файле [temp\Фильтрация и сортировка смартфонов на странице Смартфоны-1669987612868.png]
2022-12-02 16:26:53,248 INFO h.DriverHooks [main] Драйвер остановлен!
2022-12-02 16:26:53,263 INFO w.d.WebDriverFactory [main] Драйвер браузера Google Chrome
2022-12-02 16:26:54,544 INFO h.DriverHooks [main] Драйвер стартовал!
2022-12-02 16:26:54,983 INFO h.ScreenShotHooks [main] Скриншот сохранен в файле [temp\Фильтрация и сортировка смартфонов на странице Смартфоны-1669987614874.png]
2022-12-02 16:27:00,968 INFO w.p.StartPage [main] Открыта страница https://www.dns-shop.ru/
2022-12-02 16:27:00,969 INFO s.StartPageSteps [main] Страница [Стартовая страница DNS]: Открыта "Стартовая страница сайта DNS"
2022-12-02 16:27:01,804 INFO h.ScreenShotHooks [main] Скриншот сохранен в файле [temp\Фильтрация и сортировка смартфонов на странице Смартфоны-1669987621678.png]
2022-12-02 16:27:02,294 INFO h.ScreenShotHooks [main] Скриншот сохранен в файле [temp\Фильтрация и сортировка смартфонов на странице Смартфоны-1669987622168.png]
2022-12-02 16:27:04,485 INFO s.StartPageSteps [main] Страница [Стартовая страница DNS]: Выполнен переход на страницу "Смартфоны"
2022-12-02 16:27:05,009 INFO h.ScreenShotHooks [main] Скриншот сохранен в файле [temp\Фильтрация и сортировка смартфонов на странице Смартфоны-1669987624891.png]
2022-12-02 16:27:05,530 INFO h.ScreenShotHooks [main] Скриншот сохранен в файле [temp\Фильтрация и сортировка смартфонов на странице Смартфоны-1669987625424.png]
2022-12-02 16:27:05,532 INFO s.SmartphonesPageSteps [main] Страница [Смартфоны]: Открыта страница "Смартфоны"
2022-12-02 16:27:05,958 INFO h.ScreenShotHooks [main] Скриншот сохранен в файле [temp\Фильтрация и сортировка смартфонов на странице Смартфоны-1669987625853.png]
2022-12-02 16:27:06,371 INFO h.ScreenShotHooks [main] Скриншот сохранен в файле [temp\Фильтрация и сортировка смартфонов на странице Смартфоны-1669987626255.png]
2022-12-02 16:27:06,648 INFO s.SmartphonesPageSteps [main] Страница [Смартфоны]: Установлена сортировка "Сначала дорогие"
2022-12-02 16:27:07,176 INFO h.ScreenShotHooks [main] Скриншот сохранен в файле [temp\Фильтрация и сортировка смартфонов на странице Смартфоны-1669987627066.png]
2022-12-02 16:27:07,648 INFO h.ScreenShotHooks [main] Скриншот сохранен в файле [temp\Фильтрация и сортировка смартфонов на странице Смартфоны-1669987627500.png]
2022-12-02 16:27:09,883 INFO s.SmartphonesPageSteps [main] Страница [Смартфоны]: В фильтре "Производитель" выбрано значение "Apple"
2022-12-02 16:27:10,382 INFO h.ScreenShotHooks [main] Скриншот сохранен в файле [temp\Фильтрация и сортировка смартфонов на странице Смартфоны-1669987630276.png]
2022-12-02 16:27:10,829 INFO h.ScreenShotHooks [main] Скриншот сохранен в файле [temp\Фильтрация и сортировка смартфонов на странице Смартфоны-1669987630680.png]
2022-12-02 16:27:15,161 INFO s.SmartphonesPageSteps [main] Страница [Смартфоны]: В фильтре "Объем оперативной памяти" выбрано значение "6 Гб"
2022-12-02 16:27:15,593 INFO h.ScreenShotHooks [main] Скриншот сохранен в файле [temp\Фильтрация и сортировка смартфонов на странице Смартфоны-1669987635481.png]
2022-12-02 16:27:16,012 INFO h.ScreenShotHooks [main] Скриншот сохранен в файле [temp\Фильтрация и сортировка смартфонов на странице Смартфоны-1669987635904.png]
2022-12-02 16:27:18,147 INFO s.SmartphonesPageSteps [main] Страница [Смартфоны]: Применены фильтры
2022-12-02 16:27:18,703 INFO h.ScreenShotHooks [main] Скриншот сохранен в файле [temp\Фильтрация и сортировка смартфонов на странице Смартфоны-1669987638593.png]
2022-12-02 16:27:19,171 INFO h.ScreenShotHooks [main] Скриншот сохранен в файле [temp\Фильтрация и сортировка смартфонов на странице Смартфоны-1669987639046.png]
2022-12-02 16:27:30,463 INFO s.SmartphonesPageSteps [main] Страница [Смартфоны]: Выполнен переход на страницу первого продукта в списке
2022-12-02 16:27:30,952 INFO h.ScreenShotHooks [main] Скриншот сохранен в файле [temp\Фильтрация и сортировка смартфонов на странице Смартфоны-1669987650835.png]
2022-12-02 16:27:31,411 INFO h.ScreenShotHooks [main] Скриншот сохранен в файле [temp\Фильтрация и сортировка смартфонов на странице Смартфоны-1669987651287.png]
2022-12-02 16:27:31,412 INFO s.SmartphoneProductPageSteps [main] Страница [Продукт. Смартфон]: Открыта страница "Продукт. Смартфон"
2022-12-02 16:27:31,840 INFO h.ScreenShotHooks [main] Скриншот сохранен в файле [temp\Фильтрация и сортировка смартфонов на странице Смартфоны-1669987651739.png]
2022-12-02 16:27:32,323 INFO h.ScreenShotHooks [main] Скриншот сохранен в файле [temp\Фильтрация и сортировка смартфонов на странице Смартфоны-1669987652134.png]
2022-12-02 16:27:32,329 INFO s.SmartphoneProductPageSteps [main] Страница [Продукт. Смартфон]: Заголовок страницы "Продукт. Смартфон" содержит текст "Apple"
2022-12-02 16:27:32,739 INFO h.ScreenShotHooks [main] Скриншот сохранен в файле [temp\Фильтрация и сортировка смартфонов на странице Смартфоны-1669987652621.png]
2022-12-02 16:27:33,051 INFO h.DriverHooks [main] Драйвер остановлен!
2022-12-02 16:27:33,080 INFO w.d.WebDriverFactory [main] Драйвер браузера Google Chrome
2022-12-02 16:27:33,816 INFO h.DriverHooks [main] Драйвер стартовал!
2022-12-02 16:27:34,458 INFO h.ScreenShotHooks [main] Скриншот сохранен в файле [temp\Фильтрация и сортировка смартфонов на странице Смартфоны-1669987654329.png]
2022-12-02 16:27:37,577 INFO w.p.StartPage [main] Открыта страница https://www.dns-shop.ru/
2022-12-02 16:27:37,577 INFO s.StartPageSteps [main] Страница [Стартовая страница DNS]: Открыта "Стартовая страница сайта DNS"
2022-12-02 16:27:38,440 INFO h.ScreenShotHooks [main] Скриншот сохранен в файле [temp\Фильтрация и сортировка смартфонов на странице Смартфоны-1669987658308.png]
2022-12-02 16:27:38,895 INFO h.ScreenShotHooks [main] Скриншот сохранен в файле [temp\Фильтрация и сортировка смартфонов на странице Смартфоны-1669987658785.png]
2022-12-02 16:27:43,192 INFO s.StartPageSteps [main] Страница [Стартовая страница DNS]: Выполнен переход на страницу "Смартфоны"
2022-12-02 16:27:43,918 INFO h.ScreenShotHooks [main] Скриншот сохранен в файле [temp\Фильтрация и сортировка смартфонов на странице Смартфоны-1669987663622.png]
2022-12-02 16:27:44,351 INFO h.ScreenShotHooks [main] Скриншот сохранен в файле [temp\Фильтрация и сортировка смартфонов на странице Смартфоны-1669987664244.png]
2022-12-02 16:27:44,352 INFO s.SmartphonesPageSteps [main] Страница [Смартфоны]: Открыта страница "Смартфоны"
2022-12-02 16:27:44,747 INFO h.ScreenShotHooks [main] Скриншот сохранен в файле [temp\Фильтрация и сортировка смартфонов на странице Смартфоны-1669987664642.png]
2022-12-02 16:27:45,202 INFO h.ScreenShotHooks [main] Скриншот сохранен в файле [temp\Фильтрация и сортировка смартфонов на странице Смартфоны-1669987665078.png]
2022-12-02 16:27:45,450 INFO s.SmartphonesPageSteps [main] Страница [Смартфоны]: Установлена сортировка "Сначала дорогие"
2022-12-02 16:27:46,077 INFO h.ScreenShotHooks [main] Скриншот сохранен в файле [temp\Фильтрация и сортировка смартфонов на странице Смартфоны-1669987665951.png]
2022-12-02 16:27:46,802 INFO h.ScreenShotHooks [main] Скриншот сохранен в файле [temp\Фильтрация и сортировка смартфонов на странице Смартфоны-1669987666679.png]
2022-12-02 16:27:48,958 INFO s.SmartphonesPageSteps [main] Страница [Смартфоны]: В фильтре "Производитель" выбрано значение "Apple"
2022-12-02 16:27:49,498 INFO h.ScreenShotHooks [main] Скриншот сохранен в файле [temp\Фильтрация и сортировка смартфонов на странице Смартфоны-1669987669377.png]
2022-12-02 16:27:49,942 INFO h.ScreenShotHooks [main] Скриншот сохранен в файле [temp\Фильтрация и сортировка смартфонов на странице Смартфоны-1669987669789.png]
2022-12-02 16:27:54,294 INFO s.SmartphonesPageSteps [main] Страница [Смартфоны]: В фильтре "Объем оперативной памяти" выбрано значение "4 Гб"
2022-12-02 16:27:54,720 INFO h.ScreenShotHooks [main] Скриншот сохранен в файле [temp\Фильтрация и сортировка смартфонов на странице Смартфоны-1669987674607.png]
2022-12-02 16:27:55,131 INFO h.ScreenShotHooks [main] Скриншот сохранен в файле [temp\Фильтрация и сортировка смартфонов на странице Смартфоны-1669987675012.png]
2022-12-02 16:27:57,281 INFO s.SmartphonesPageSteps [main] Страница [Смартфоны]: Применены фильтры
2022-12-02 16:27:57,799 INFO h.ScreenShotHooks [main] Скриншот сохранен в файле [temp\Фильтрация и сортировка смартфонов на странице Смартфоны-1669987677634.png]
2022-12-02 16:27:58,408 INFO h.ScreenShotHooks [main] Скриншот сохранен в файле [temp\Фильтрация и сортировка смартфонов на странице Смартфоны-1669987678297.png]
2022-12-02 16:28:08,945 INFO s.SmartphonesPageSteps [main] Страница [Смартфоны]: Выполнен переход на страницу первого продукта в списке
2022-12-02 16:28:09,432 INFO h.ScreenShotHooks [main] Скриншот сохранен в файле [temp\Фильтрация и сортировка смартфонов на странице Смартфоны-1669987689327.png]
2022-12-02 16:28:09,897 INFO h.ScreenShotHooks [main] Скриншот сохранен в файле [temp\Фильтрация и сортировка смартфонов на странице Смартфоны-1669987689780.png]
2022-12-02 16:28:09,897 INFO s.SmartphoneProductPageSteps [main] Страница [Продукт. Смартфон]: Открыта страница "Продукт. Смартфон"
2022-12-02 16:28:10,296 INFO h.ScreenShotHooks [main] Скриншот сохранен в файле [temp\Фильтрация и сортировка смартфонов на странице Смартфоны-1669987690192.png]
2022-12-02 16:28:10,689 INFO h.ScreenShotHooks [main] Скриншот сохранен в файле [temp\Фильтрация и сортировка смартфонов на странице Смартфоны-1669987690575.png]
2022-12-02 16:28:10,695 INFO s.SmartphoneProductPageSteps [main] Страница [Продукт. Смартфон]: Заголовок страницы "Продукт. Смартфон" содержит текст "Apple"
2022-12-02 16:28:11,109 INFO h.ScreenShotHooks [main] Скриншот сохранен в файле [temp\Фильтрация и сортировка смартфонов на странице Смартфоны-1669987691002.png]
2022-12-02 16:28:11,396 INFO h.DriverHooks [main] Драйвер остановлен!
2022-12-02 16:28:11,410 INFO w.d.WebDriverFactory [main] Драйвер браузера Google Chrome
2022-12-02 16:28:12,465 INFO h.DriverHooks [main] Драйвер стартовал!
2022-12-02 16:28:12,901 INFO h.ScreenShotHooks [main] Скриншот сохранен в файле [temp\Таблица с одной колонкой-1669987692784.png]
2022-12-02 16:28:15,791 INFO w.p.StartPage [main] Открыта страница https://www.dns-shop.ru/
2022-12-02 16:28:15,792 INFO s.StartPageSteps [main] Страница [Стартовая страница DNS]: Открыта "Стартовая страница сайта DNS"
2022-12-02 16:28:16,621 INFO h.ScreenShotHooks [main] Скриншот сохранен в файле [temp\Таблица с одной колонкой-1669987696499.png]
2022-12-02 16:28:17,072 INFO h.ScreenShotHooks [main] Скриншот сохранен в файле [temp\Таблица с одной колонкой-1669987696965.png]
2022-12-02 16:28:19,829 INFO s.StartPageSteps [main] Страница [Стартовая страница DNS]: Выполнен переход на страницу "Смартфоны"
2022-12-02 16:28:20,252 INFO h.ScreenShotHooks [main] Скриншот сохранен в файле [temp\Таблица с одной колонкой-1669987700144.png]
2022-12-02 16:28:20,644 INFO h.ScreenShotHooks [main] Скриншот сохранен в файле [temp\Таблица с одной колонкой-1669987700539.png]
2022-12-02 16:28:20,645 INFO s.SmartphonesPageSteps [main] Страница [Смартфоны]: Открыта страница "Смартфоны"
2022-12-02 16:28:21,072 INFO h.ScreenShotHooks [main] Скриншот сохранен в файле [temp\Таблица с одной колонкой-1669987700953.png]
2022-12-02 16:28:21,469 INFO h.ScreenShotHooks [main] Скриншот сохранен в файле [temp\Таблица с одной колонкой-1669987701365.png]
2022-12-02 16:28:21,735 INFO s.SmartphonesPageSteps [main] Страница [Смартфоны]: Установлена сортировка "Сначала дорогие"
2022-12-02 16:28:22,278 INFO h.ScreenShotHooks [main] Скриншот сохранен в файле [temp\Таблица с одной колонкой-1669987702156.png]
2022-12-02 16:28:22,868 INFO h.ScreenShotHooks [main] Скриншот сохранен в файле [temp\Таблица с одной колонкой-1669987702766.png]
2022-12-02 16:28:25,427 INFO s.SmartphonesPageSteps [main] Страница [Смартфоны]: В фильтре "Производитель" выбрано значение "Samsung"
2022-12-02 16:28:29,745 INFO s.SmartphonesPageSteps [main] Страница [Смартфоны]: В фильтре "Объем оперативной памяти" выбрано значение "8 Гб"
2022-12-02 16:28:29,746 INFO s.SmartphonesPageSteps [main] ***** Установлены фильтры из таблицы с одной колонкой
2022-12-02 16:28:30,173 INFO h.ScreenShotHooks [main] Скриншот сохранен в файле [temp\Таблица с одной колонкой-1669987710065.png]
2022-12-02 16:28:30,588 INFO h.ScreenShotHooks [main] Скриншот сохранен в файле [temp\Таблица с одной колонкой-1669987710461.png]
2022-12-02 16:28:32,720 INFO s.SmartphonesPageSteps [main] Страница [Смартфоны]: Применены фильтры
2022-12-02 16:28:33,253 INFO h.ScreenShotHooks [main] Скриншот сохранен в файле [temp\Таблица с одной колонкой-1669987713142.png]
2022-12-02 16:28:33,758 INFO h.ScreenShotHooks [main] Скриншот сохранен в файле [temp\Таблица с одной колонкой-1669987713646.png]
2022-12-02 16:28:45,148 INFO s.SmartphonesPageSteps [main] Страница [Смартфоны]: Выполнен переход на страницу первого продукта в списке
2022-12-02 16:28:45,601 INFO h.ScreenShotHooks [main] Скриншот сохранен в файле [temp\Таблица с одной колонкой-1669987725497.png]
2022-12-02 16:28:46,059 INFO h.ScreenShotHooks [main] Скриншот сохранен в файле [temp\Таблица с одной колонкой-1669987725962.png]
2022-12-02 16:28:46,060 INFO s.SmartphoneProductPageSteps [main] Страница [Продукт. Смартфон]: Открыта страница "Продукт. Смартфон"
2022-12-02 16:28:46,459 INFO h.ScreenShotHooks [main] Скриншот сохранен в файле [temp\Таблица с одной колонкой-1669987726357.png]
2022-12-02 16:28:46,885 INFO h.ScreenShotHooks [main] Скриншот сохранен в файле [temp\Таблица с одной колонкой-1669987726790.png]
2022-12-02 16:28:46,891 INFO s.SmartphoneProductPageSteps [main] Страница [Продукт. Смартфон]: Заголовок страницы "Продукт. Смартфон" содержит текст "Samsung"
2022-12-02 16:28:47,295 INFO h.ScreenShotHooks [main] Скриншот сохранен в файле [temp\Таблица с одной колонкой-1669987727191.png]
2022-12-02 16:28:47,489 INFO h.DriverHooks [main] Драйвер остановлен!
2022-12-02 16:28:47,502 INFO w.d.WebDriverFactory [main] Драйвер браузера Google Chrome
2022-12-02 16:28:48,360 INFO h.DriverHooks [main] Драйвер стартовал!
2022-12-02 16:28:48,820 INFO h.ScreenShotHooks [main] Скриншот сохранен в файле [temp\Таблица с двумя колонками-1669987728675.png]
2022-12-02 16:28:51,032 INFO w.p.StartPage [main] Открыта страница https://www.dns-shop.ru/
2022-12-02 16:28:51,032 INFO s.StartPageSteps [main] Страница [Стартовая страница DNS]: Открыта "Стартовая страница сайта DNS"
2022-12-02 16:28:52,012 INFO h.ScreenShotHooks [main] Скриншот сохранен в файле [temp\Таблица с двумя колонками-1669987731886.png]
2022-12-02 16:28:52,715 INFO h.ScreenShotHooks [main] Скриншот сохранен в файле [temp\Таблица с двумя колонками-1669987732598.png]
2022-12-02 16:28:54,982 INFO s.StartPageSteps [main] Страница [Стартовая страница DNS]: Выполнен переход на страницу "Смартфоны"
2022-12-02 16:28:55,475 INFO h.ScreenShotHooks [main] Скриншот сохранен в файле [temp\Таблица с двумя колонками-1669987735358.png]
2022-12-02 16:28:55,924 INFO h.ScreenShotHooks [main] Скриншот сохранен в файле [temp\Таблица с двумя колонками-1669987735810.png]
2022-12-02 16:28:55,926 INFO s.SmartphonesPageSteps [main] Страница [Смартфоны]: Открыта страница "Смартфоны"
2022-12-02 16:28:56,328 INFO h.ScreenShotHooks [main] Скриншот сохранен в файле [temp\Таблица с двумя колонками-1669987736222.png]
2022-12-02 16:28:56,790 INFO h.ScreenShotHooks [main] Скриншот сохранен в файле [temp\Таблица с двумя колонками-1669987736602.png]
2022-12-02 16:28:57,039 INFO s.SmartphonesPageSteps [main] Страница [Смартфоны]: Установлена сортировка "Сначала дорогие"
2022-12-02 16:28:57,646 INFO h.ScreenShotHooks [main] Скриншот сохранен в файле [temp\Таблица с двумя колонками-1669987737483.png]
2022-12-02 16:28:58,425 INFO h.ScreenShotHooks [main] Скриншот сохранен в файле [temp\Таблица с двумя колонками-1669987738267.png]
2022-12-02 16:29:00,972 INFO s.SmartphonesPageSteps [main] Страница [Смартфоны]: В фильтре "Производитель" выбрано значение "Samsung"
2022-12-02 16:29:05,326 INFO s.SmartphonesPageSteps [main] Страница [Смартфоны]: В фильтре "Объем оперативной памяти" выбрано значение "8 Гб"
2022-12-02 16:29:05,326 INFO s.SmartphonesPageSteps [main] ***** Установлены фильтры из таблицы с двумя колонками
2022-12-02 16:29:05,728 INFO h.ScreenShotHooks [main] Скриншот сохранен в файле [temp\Таблица с двумя колонками-1669987745622.png]
2022-12-02 16:29:06,133 INFO h.ScreenShotHooks [main] Скриншот сохранен в файле [temp\Таблица с двумя колонками-1669987746025.png]
2022-12-02 16:29:08,305 INFO s.SmartphonesPageSteps [main] Страница [Смартфоны]: Применены фильтры
2022-12-02 16:29:08,773 INFO h.ScreenShotHooks [main] Скриншот сохранен в файле [temp\Таблица с двумя колонками-1669987748669.png]
2022-12-02 16:29:09,252 INFO h.ScreenShotHooks [main] Скриншот сохранен в файле [temp\Таблица с двумя колонками-1669987749137.png]
2022-12-02 16:29:20,149 INFO s.SmartphonesPageSteps [main] Страница [Смартфоны]: Выполнен переход на страницу первого продукта в списке
2022-12-02 16:29:20,615 INFO h.ScreenShotHooks [main] Скриншот сохранен в файле [temp\Таблица с двумя колонками-1669987760515.png]
2022-12-02 16:29:21,075 INFO h.ScreenShotHooks [main] Скриншот сохранен в файле [temp\Таблица с двумя колонками-1669987760975.png]
2022-12-02 16:29:21,076 INFO s.SmartphoneProductPageSteps [main] Страница [Продукт. Смартфон]: Открыта страница "Продукт. Смартфон"
2022-12-02 16:29:21,493 INFO h.ScreenShotHooks [main] Скриншот сохранен в файле [temp\Таблица с двумя колонками-1669987761398.png]
2022-12-02 16:29:21,868 INFO h.ScreenShotHooks [main] Скриншот сохранен в файле [temp\Таблица с двумя колонками-1669987761772.png]
2022-12-02 16:29:21,874 INFO s.SmartphoneProductPageSteps [main] Страница [Продукт. Смартфон]: Заголовок страницы "Продукт. Смартфон" содержит текст "Samsung"
2022-12-02 16:29:22,269 INFO h.ScreenShotHooks [main] Скриншот сохранен в файле [temp\Таблица с двумя колонками-1669987762173.png]
2022-12-02 16:29:22,588 INFO h.DriverHooks [main] Драйвер остановлен!
2022-12-02 16:29:22,601 INFO w.d.WebDriverFactory [main] Драйвер браузера Google Chrome
2022-12-02 16:29:23,699 INFO h.DriverHooks [main] Драйвер стартовал!
2022-12-02 16:29:24,294 INFO h.ScreenShotHooks [main] Скриншот сохранен в файле [temp\Таблица с тремя колонками-1669987764195.png]
2022-12-02 16:29:27,016 INFO w.p.StartPage [main] Открыта страница https://www.dns-shop.ru/
2022-12-02 16:29:27,017 INFO s.StartPageSteps [main] Страница [Стартовая страница DNS]: Открыта "Стартовая страница сайта DNS"
2022-12-02 16:29:27,743 INFO h.ScreenShotHooks [main] Скриншот сохранен в файле [temp\Таблица с тремя колонками-1669987767597.png]
2022-12-02 16:29:28,235 INFO h.ScreenShotHooks [main] Скриншот сохранен в файле [temp\Таблица с тремя колонками-1669987768128.png]
2022-12-02 16:29:30,535 INFO s.StartPageSteps [main] Страница [Стартовая страница DNS]: Выполнен переход на страницу "Смартфоны"
2022-12-02 16:29:31,037 INFO h.ScreenShotHooks [main] Скриншот сохранен в файле [temp\Таблица с тремя колонками-1669987770925.png]
2022-12-02 16:29:31,473 INFO h.ScreenShotHooks [main] Скриншот сохранен в файле [temp\Таблица с тремя колонками-1669987771368.png]
2022-12-02 16:29:31,474 INFO s.SmartphonesPageSteps [main] Страница [Смартфоны]: Открыта страница "Смартфоны"
2022-12-02 16:29:31,905 INFO h.ScreenShotHooks [main] Скриншот сохранен в файле [temp\Таблица с тремя колонками-1669987771799.png]
2022-12-02 16:29:32,296 INFO h.ScreenShotHooks [main] Скриншот сохранен в файле [temp\Таблица с тремя колонками-1669987772190.png]
2022-12-02 16:29:32,564 INFO s.SmartphonesPageSteps [main] Страница [Смартфоны]: Установлена сортировка "Сначала дорогие"
2022-12-02 16:29:35,054 INFO s.SmartphonesPageSteps [main] Страница [Смартфоны]: В фильтре "Производитель" выбрано значение "Samsung"
2022-12-02 16:29:39,426 INFO s.SmartphonesPageSteps [main] Страница [Смартфоны]: В фильтре "Объем оперативной памяти" выбрано значение "8 Гб"
2022-12-02 16:29:39,426 INFO s.SmartphonesPageSteps [main] ***** Установлена сортировка и фильтры из таблицы с тремя колонками
2022-12-02 16:29:39,897 INFO h.ScreenShotHooks [main] Скриншот сохранен в файле [temp\Таблица с тремя колонками-1669987779789.png]
2022-12-02 16:29:40,293 INFO h.ScreenShotHooks [main] Скриншот сохранен в файле [temp\Таблица с тремя колонками-1669987780189.png]
2022-12-02 16:29:42,427 INFO s.SmartphonesPageSteps [main] Страница [Смартфоны]: Применены фильтры
2022-12-02 16:29:42,896 INFO h.ScreenShotHooks [main] Скриншот сохранен в файле [temp\Таблица с тремя колонками-1669987782770.png]
2022-12-02 16:29:43,390 INFO h.ScreenShotHooks [main] Скриншот сохранен в файле [temp\Таблица с тремя колонками-1669987783272.png]
2022-12-02 16:29:54,305 INFO s.SmartphonesPageSteps [main] Страница [Смартфоны]: Выполнен переход на страницу первого продукта в списке
2022-12-02 16:29:54,841 INFO h.ScreenShotHooks [main] Скриншот сохранен в файле [temp\Таблица с тремя колонками-1669987794731.png]
2022-12-02 16:29:55,283 INFO h.ScreenShotHooks [main] Скриншот сохранен в файле [temp\Таблица с тремя колонками-1669987795186.png]
2022-12-02 16:29:55,283 INFO s.SmartphoneProductPageSteps [main] Страница [Продукт. Смартфон]: Открыта страница "Продукт. Смартфон"
2022-12-02 16:29:55,697 INFO h.ScreenShotHooks [main] Скриншот сохранен в файле [temp\Таблица с тремя колонками-1669987795586.png]
2022-12-02 16:29:56,071 INFO h.ScreenShotHooks [main] Скриншот сохранен в файле [temp\Таблица с тремя колонками-1669987795975.png]
2022-12-02 16:29:56,077 INFO s.SmartphoneProductPageSteps [main] Страница [Продукт. Смартфон]: Заголовок страницы "Продукт. Смартфон" содержит текст "Samsung"
2022-12-02 16:29:56,453 INFO h.ScreenShotHooks [main] Скриншот сохранен в файле [temp\Таблица с тремя колонками-1669987796355.png]
2022-12-02 16:29:56,698 INFO h.DriverHooks [main] Драйвер остановлен!
2022-12-02 16:35:46,987 INFO w.d.WebDriverFactory [main] Драйвер браузера Google Chrome
2022-12-02 16:35:48,990 INFO h.DriverHooks [main] Драйвер стартовал!
2022-12-02 16:35:49,581 INFO h.ScreenShotHooks [main] Скриншот сохранен в файле [temp\Таблица с одной колонкой-1669988149385.png]
2022-12-02 16:35:54,054 INFO w.p.StartPage [main] Открыта страница https://www.dns-shop.ru/
2022-12-02 16:35:54,055 INFO s.StartPageSteps [main] Страница [Стартовая страница DNS]: Открыта "Стартовая страница сайта DNS"
2022-12-02 16:35:54,617 INFO h.ScreenShotHooks [main] Скриншот сохранен в файле [temp\Таблица с одной колонкой-1669988154477.png]
2022-12-02 16:35:55,057 INFO h.ScreenShotHooks [main] Скриншот сохранен в файле [temp\Таблица с одной колонкой-1669988154922.png]
2022-12-02 16:35:57,221 INFO s.StartPageSteps [main] Страница [Стартовая страница DNS]: Выполнен переход на страницу "Смартфоны"
2022-12-02 16:35:57,871 INFO h.ScreenShotHooks [main] Скриншот сохранен в файле [temp\Таблица с одной колонкой-1669988157747.png]
2022-12-02 16:35:58,309 INFO h.ScreenShotHooks [main] Скриншот сохранен в файле [temp\Таблица с одной колонкой-1669988158205.png]
2022-12-02 16:35:58,316 INFO s.SmartphonesPageSteps [main] Страница [Смартфоны]: Открыта страница "Смартфоны"
2022-12-02 16:35:58,810 INFO h.ScreenShotHooks [main] Скриншот сохранен в файле [temp\Таблица с одной колонкой-1669988158708.png]
2022-12-02 16:35:59,223 INFO h.ScreenShotHooks [main] Скриншот сохранен в файле [temp\Таблица с одной колонкой-1669988159117.png]
2022-12-02 16:35:59,505 INFO s.SmartphonesPageSteps [main] Страница [Смартфоны]: Установлена сортировка "Сначала дорогие"
2022-12-02 16:36:00,089 INFO h.ScreenShotHooks [main] Скриншот сохранен в файле [temp\Таблица с одной колонкой-1669988159921.png]
2022-12-02 16:36:00,794 INFO h.ScreenShotHooks [main] Скриншот сохранен в файле [temp\Таблица с одной колонкой-1669988160660.png]
2022-12-02 16:36:03,405 INFO s.SmartphonesPageSteps [main] Страница [Смартфоны]: В фильтре "Производитель" выбрано значение "Samsung"
2022-12-02 16:36:07,793 INFO s.SmartphonesPageSteps [main] Страница [Смартфоны]: В фильтре "Объем оперативной памяти" выбрано значение "8 Гб"
2022-12-02 16:36:07,793 INFO s.SmartphonesPageSteps [main] ***** Установлены фильтры из таблицы с одной колонкой
2022-12-02 16:36:08,223 INFO h.ScreenShotHooks [main] Скриншот сохранен в файле [temp\Таблица с одной колонкой-1669988168114.png]
2022-12-02 16:36:08,622 INFO h.ScreenShotHooks [main] Скриншот сохранен в файле [temp\Таблица с одной колонкой-1669988168521.png]
2022-12-02 16:36:10,792 INFO s.SmartphonesPageSteps [main] Страница [Смартфоны]: Применены фильтры
2022-12-02 16:36:11,359 INFO h.ScreenShotHooks [main] Скриншот сохранен в файле [temp\Таблица с одной колонкой-1669988171230.png]
2022-12-02 16:36:11,800 INFO h.ScreenShotHooks [main] Скриншот сохранен в файле [temp\Таблица с одной колонкой-1669988171696.png]
2022-12-02 16:36:22,112 INFO s.SmartphonesPageSteps [main] Страница [Смартфоны]: Выполнен переход на страницу первого продукта в списке
2022-12-02 16:36:22,654 INFO h.ScreenShotHooks [main] Скриншот сохранен в файле [temp\Таблица с одной колонкой-1669988182553.png]
2022-12-02 16:36:23,077 INFO h.ScreenShotHooks [main] Скриншот сохранен в файле [temp\Таблица с одной колонкой-1669988182970.png]
2022-12-02 16:36:23,078 INFO s.SmartphoneProductPageSteps [main] Страница [Продукт. Смартфон]: Открыта страница "Продукт. Смартфон"
2022-12-02 16:36:23,478 INFO h.ScreenShotHooks [main] Скриншот сохранен в файле [temp\Таблица с одной колонкой-1669988183381.png]
2022-12-02 16:36:23,890 INFO h.ScreenShotHooks [main] Скриншот сохранен в файле [temp\Таблица с одной колонкой-1669988183777.png]
2022-12-02 16:36:23,901 INFO s.SmartphoneProductPageSteps [main] Страница [Продукт. Смартфон]: Заголовок страницы "Продукт. Смартфон" содержит текст "Samsung"
2022-12-02 16:36:24,272 INFO h.ScreenShotHooks [main] Скриншот сохранен в файле [temp\Таблица с одной колонкой-1669988184173.png]
2022-12-02 16:36:24,522 INFO h.DriverHooks [main] Драйвер остановлен!
2022-12-02 16:38:05,072 INFO w.d.WebDriverFactory [main] Драйвер браузера Google Chrome
2022-12-02 16:38:07,021 INFO h.DriverHooks [main] Драйвер стартовал!
2022-12-02 16:38:07,567 INFO h.ScreenShotHooks [main] Скриншот сохранен в файле [temp\Таблица с двумя колонками-1669988287397.png]
2022-12-02 16:38:10,256 INFO w.p.StartPage [main] Открыта страница https://www.dns-shop.ru/
2022-12-02 16:38:10,257 INFO s.StartPageSteps [main] Страница [Стартовая страница DNS]: Открыта "Стартовая страница сайта DNS"
2022-12-02 16:38:11,195 INFO h.ScreenShotHooks [main] Скриншот сохранен в файле [temp\Таблица с двумя колонками-1669988291061.png]
2022-12-02 16:38:11,688 INFO h.ScreenShotHooks [main] Скриншот сохранен в файле [temp\Таблица с двумя колонками-1669988291552.png]
2022-12-02 16:38:13,869 INFO s.StartPageSteps [main] Страница [Стартовая страница DNS]: Выполнен переход на страницу "Смартфоны"
2022-12-02 16:38:14,554 INFO h.ScreenShotHooks [main] Скриншот сохранен в файле [temp\Таблица с двумя колонками-1669988294413.png]
2022-12-02 16:38:14,987 INFO h.ScreenShotHooks [main] Скриншот сохранен в файле [temp\Таблица с двумя колонками-1669988294868.png]
2022-12-02 16:38:14,994 INFO s.SmartphonesPageSteps [main] Страница [Смартфоны]: Открыта страница "Смартфоны"
2022-12-02 16:38:15,408 INFO h.ScreenShotHooks [main] Скриншот сохранен в файле [temp\Таблица с двумя колонками-1669988295303.png]
2022-12-02 16:38:15,796 INFO h.ScreenShotHooks [main] Скриншот сохранен в файле [temp\Таблица с двумя колонками-1669988295693.png]
2022-12-02 16:38:16,116 INFO s.SmartphonesPageSteps [main] Страница [Смартфоны]: Установлена сортировка "Сначала дорогие"
2022-12-02 16:38:16,573 INFO h.ScreenShotHooks [main] Скриншот сохранен в файле [temp\Таблица с двумя колонками-1669988296462.png]
2022-12-02 16:38:17,091 INFO h.ScreenShotHooks [main] Скриншот сохранен в файле [temp\Таблица с двумя колонками-1669988296970.png]
2022-12-02 16:38:19,756 INFO s.SmartphonesPageSteps [main] Страница [Смартфоны]: В фильтре "Производитель" выбрано значение "Samsung"
2022-12-02 16:38:24,126 INFO s.SmartphonesPageSteps [main] Страница [Смартфоны]: В фильтре "Объем оперативной памяти" выбрано значение "8 Гб"
2022-12-02 16:38:24,126 INFO s.SmartphonesPageSteps [main] ***** Установлены фильтры из таблицы с двумя колонками
2022-12-02 16:38:24,589 INFO h.ScreenShotHooks [main] Скриншот сохранен в файле [temp\Таблица с двумя колонками-1669988304470.png]
2022-12-02 16:38:24,980 INFO h.ScreenShotHooks [main] Скриншот сохранен в файле [temp\Таблица с двумя колонками-1669988304877.png]
2022-12-02 16:38:27,117 INFO s.SmartphonesPageSteps [main] Страница [Смартфоны]: Применены фильтры
2022-12-02 16:38:27,597 INFO h.ScreenShotHooks [main] Скриншот сохранен в файле [temp\Таблица с двумя колонками-1669988307486.png]
2022-12-02 16:38:28,064 INFO h.ScreenShotHooks [main] Скриншот сохранен в файле [temp\Таблица с двумя колонками-1669988307945.png]
2022-12-02 16:38:40,622 INFO s.SmartphonesPageSteps [main] Страница [Смартфоны]: Выполнен переход на страницу первого продукта в списке
2022-12-02 16:38:41,259 INFO h.ScreenShotHooks [main] Скриншот сохранен в файле [temp\Таблица с двумя колонками-1669988321072.png]
2022-12-02 16:38:41,651 INFO h.ScreenShotHooks [main] Скриншот сохранен в файле [temp\Таблица с двумя колонками-1669988321553.png]
2022-12-02 16:38:41,653 INFO s.SmartphoneProductPageSteps [main] Страница [Продукт. Смартфон]: Открыта страница "Продукт. Смартфон"
2022-12-02 16:38:42,115 INFO h.ScreenShotHooks [main] Скриншот сохранен в файле [temp\Таблица с двумя колонками-1669988321977.png]
2022-12-02 16:38:42,492 INFO h.ScreenShotHooks [main] Скриншот сохранен в файле [temp\Таблица с двумя колонками-1669988322384.png]
2022-12-02 16:38:42,502 INFO s.SmartphoneProductPageSteps [main] Страница [Продукт. Смартфон]: Заголовок страницы "Продукт. Смартфон" содержит текст "Samsung"
2022-12-02 16:38:42,894 INFO h.ScreenShotHooks [main] Скриншот сохранен в файле [temp\Таблица с двумя колонками-1669988322797.png]
2022-12-02 16:38:43,140 INFO h.DriverHooks [main] Драйвер остановлен!
2022-12-02 16:39:46,709 INFO w.d.WebDriverFactory [main] Драйвер браузера Google Chrome
2022-12-02 16:39:48,962 INFO h.DriverHooks [main] Драйвер стартовал!
2022-12-02 16:39:49,779 INFO h.ScreenShotHooks [main] Скриншот сохранен в файле [temp\Таблица с тремя колонками-1669988389579.png]
2022-12-02 16:39:53,496 INFO w.p.StartPage [main] Открыта страница https://www.dns-shop.ru/
2022-12-02 16:39:53,497 INFO s.StartPageSteps [main] Страница [Стартовая страница DNS]: Открыта "Стартовая страница сайта DNS"
2022-12-02 16:39:54,301 INFO h.ScreenShotHooks [main] Скриншот сохранен в файле [temp\Таблица с тремя колонками-1669988394189.png]
2022-12-02 16:39:54,760 INFO h.ScreenShotHooks [main] Скриншот сохранен в файле [temp\Таблица с тремя колонками-1669988394600.png]
2022-12-02 16:39:57,429 INFO s.StartPageSteps [main] Страница [Стартовая страница DNS]: Выполнен переход на страницу "Смартфоны"
2022-12-02 16:39:57,930 INFO h.ScreenShotHooks [main] Скриншот сохранен в файле [temp\Таблица с тремя колонками-1669988397816.png]
2022-12-02 16:39:58,340 INFO h.ScreenShotHooks [main] Скриншот сохранен в файле [temp\Таблица с тремя колонками-1669988398214.png]
2022-12-02 16:39:58,347 INFO s.SmartphonesPageSteps [main] Страница [Смартфоны]: Открыта страница "Смартфоны"
2022-12-02 16:39:58,740 INFO h.ScreenShotHooks [main] Скриншот сохранен в файле [temp\Таблица с тремя колонками-1669988398637.png]
2022-12-02 16:39:59,148 INFO h.ScreenShotHooks [main] Скриншот сохранен в файле [temp\Таблица с тремя колонками-1669988399031.png]
2022-12-02 16:39:59,444 INFO s.SmartphonesPageSteps [main] Страница [Смартфоны]: Установлена сортировка "Сначала дорогие"
2022-12-02 16:40:01,975 INFO s.SmartphonesPageSteps [main] Страница [Смартфоны]: В фильтре "Производитель" выбрано значение "Samsung"
2022-12-02 16:40:06,423 INFO s.SmartphonesPageSteps [main] Страница [Смартфоны]: В фильтре "Объем оперативной памяти" выбрано значение "8 Гб"
2022-12-02 16:40:06,424 INFO s.SmartphonesPageSteps [main] ***** Установлена сортировка и фильтры из таблицы с тремя колонками
2022-12-02 16:40:06,876 INFO h.ScreenShotHooks [main] Скриншот сохранен в файле [temp\Таблица с тремя колонками-1669988406770.png]
2022-12-02 16:40:07,280 INFO h.ScreenShotHooks [main] Скриншот сохранен в файле [temp\Таблица с тремя колонками-1669988407160.png]
2022-12-02 16:40:09,414 INFO s.SmartphonesPageSteps [main] Страница [Смартфоны]: Применены фильтры
2022-12-02 16:40:09,894 INFO h.ScreenShotHooks [main] Скриншот сохранен в файле [temp\Таблица с тремя колонками-1669988409770.png]
2022-12-02 16:40:10,462 INFO h.ScreenShotHooks [main] Скриншот сохранен в файле [temp\Таблица с тремя колонками-1669988410343.png]
2022-12-02 16:40:23,530 INFO s.SmartphonesPageSteps [main] Страница [Смартфоны]: Выполнен переход на страницу первого продукта в списке
2022-12-02 16:40:24,000 INFO h.ScreenShotHooks [main] Скриншот сохранен в файле [temp\Таблица с тремя колонками-1669988423891.png]
2022-12-02 16:40:24,442 INFO h.ScreenShotHooks [main] Скриншот сохранен в файле [temp\Таблица с тремя колонками-1669988424345.png]
2022-12-02 16:40:24,444 INFO s.SmartphoneProductPageSteps [main] Страница [Продукт. Смартфон]: Открыта страница "Продукт. Смартфон"
2022-12-02 16:40:24,850 INFO h.ScreenShotHooks [main] Скриншот сохранен в файле [temp\Таблица с тремя колонками-1669988424754.png]
2022-12-02 16:40:25,250 INFO h.ScreenShotHooks [main] Скриншот сохранен в файле [temp\Таблица с тремя колонками-1669988425144.png]
2022-12-02 16:40:25,261 INFO s.SmartphoneProductPageSteps [main] Страница [Продукт. Смартфон]: Заголовок страницы "Продукт. Смартфон" содержит текст "Samsung"
2022-12-02 16:40:25,660 INFO h.ScreenShotHooks [main] Скриншот сохранен в файле [temp\Таблица с тремя колонками-1669988425557.png]
2022-12-02 16:40:25,920 INFO h.DriverHooks [main] Драйвер остановлен!
2022-12-02 16:57:11,857 INFO w.d.WebDriverFactory [main]   Google Chrome
2022-12-02 16:57:13,817 INFO h.DriverHooks [main]  !
2022-12-02 16:57:14,293 INFO h.ScreenShotHooks [main]     [temp\   -1669989434132.png]
2022-12-02 16:57:17,930 INFO w.p.StartPage [main]   https://www.dns-shop.ru/
2022-12-02 16:57:17,930 INFO s.StartPageSteps [main]  [  DNS]:  "   DNS"
2022-12-02 16:57:18,685 INFO h.ScreenShotHooks [main]     [temp\   -1669989438523.png]
2022-12-02 16:57:19,377 INFO h.ScreenShotHooks [main]     [temp\   -1669989439242.png]
2022-12-02 16:57:21,758 INFO s.StartPageSteps [main]  [  DNS]:     ""
2022-12-02 16:57:22,328 INFO h.ScreenShotHooks [main]     [temp\   -1669989442201.png]
2022-12-02 16:57:22,734 INFO h.ScreenShotHooks [main]     [temp\   -1669989442622.png]
2022-12-02 16:57:22,741 INFO s.SmartphonesPageSteps [main]  []:   ""
2022-12-02 16:57:23,175 INFO h.ScreenShotHooks [main]     [temp\   -1669989443060.png]
2022-12-02 16:57:23,643 INFO h.ScreenShotHooks [main]     [temp\   -1669989443491.png]
2022-12-02 16:57:23,925 INFO s.SmartphonesPageSteps [main]  []:   " "
2022-12-02 16:57:26,454 INFO s.SmartphonesPageSteps [main]  []:   ""   "Samsung"
2022-12-02 16:57:30,877 INFO s.SmartphonesPageSteps [main]  []:   "  "   "8 "
2022-12-02 16:57:30,878 INFO s.SmartphonesPageSteps [main] *****         
2022-12-02 16:57:31,376 INFO h.ScreenShotHooks [main]     [temp\   -1669989451243.png]
2022-12-02 16:57:31,790 INFO h.ScreenShotHooks [main]     [temp\   -1669989451669.png]
2022-12-02 16:57:33,918 INFO s.SmartphonesPageSteps [main]  []:  
2022-12-02 16:57:34,410 INFO h.ScreenShotHooks [main]     [temp\   -1669989454278.png]
2022-12-02 16:57:34,939 INFO h.ScreenShotHooks [main]     [temp\   -1669989454813.png]
2022-12-02 16:57:47,180 INFO s.SmartphonesPageSteps [main]  []:        
2022-12-02 16:57:47,734 INFO h.ScreenShotHooks [main]     [temp\   -1669989467631.png]
2022-12-02 16:57:48,285 INFO h.ScreenShotHooks [main]     [temp\   -1669989468162.png]
2022-12-02 16:57:48,287 INFO s.SmartphoneProductPageSteps [main]  [. ]:   ". "
2022-12-02 16:57:48,702 INFO h.ScreenShotHooks [main]     [temp\   -1669989468597.png]
2022-12-02 16:57:49,072 INFO h.ScreenShotHooks [main]     [temp\   -1669989468968.png]
2022-12-02 16:57:49,083 INFO s.SmartphoneProductPageSteps [main]  [. ]:   ". "   "Samsung"
2022-12-02 16:57:49,455 INFO h.ScreenShotHooks [main]     [temp\   -1669989469358.png]
2022-12-02 16:57:49,708 INFO h.DriverHooks [main]  !
2022-12-02 17:14:33,578 INFO w.d.WebDriverFactory [main]   Google Chrome
2022-12-02 17:14:36,075 INFO h.DriverHooks [main]  !
2022-12-02 17:14:36,598 INFO h.ScreenShotHooks [main]     [temp\   -1669990476426.png]
2022-12-02 17:14:39,754 INFO w.p.StartPage [main]   https://www.dns-shop.ru/
2022-12-02 17:14:39,754 INFO s.StartPageSteps [main]  [  DNS]:  "   DNS"
2022-12-02 17:14:40,564 INFO h.ScreenShotHooks [main]     [temp\   -1669990480373.png]
2022-12-02 17:14:41,170 INFO h.ScreenShotHooks [main]     [temp\   -1669990481055.png]
2022-12-02 17:14:43,685 INFO s.StartPageSteps [main]  [  DNS]:     ""
2022-12-02 17:14:44,288 INFO h.ScreenShotHooks [main]     [temp\   -1669990484134.png]
2022-12-02 17:14:44,716 INFO h.ScreenShotHooks [main]     [temp\   -1669990484597.png]
2022-12-02 17:14:44,723 INFO s.SmartphonesPageSteps [main]  []:   ""
2022-12-02 17:14:45,151 INFO h.ScreenShotHooks [main]     [temp\   -1669990485037.png]
2022-12-02 17:14:45,638 INFO h.ScreenShotHooks [main]     [temp\   -1669990485515.png]
2022-12-02 17:14:45,934 INFO s.SmartphonesPageSteps [main]  []:   " "
2022-12-02 17:14:48,501 INFO s.SmartphonesPageSteps [main]  []:   ""   "Samsung"
2022-12-02 17:14:52,928 INFO s.SmartphonesPageSteps [main]  []:   "  "   "8 "
2022-12-02 17:14:52,928 INFO s.SmartphonesPageSteps [main] *****         
2022-12-02 17:14:53,404 INFO h.ScreenShotHooks [main]     [temp\   -1669990493281.png]
2022-12-02 17:14:53,839 INFO h.ScreenShotHooks [main]     [temp\   -1669990493719.png]
2022-12-02 17:14:55,981 INFO s.SmartphonesPageSteps [main]  []:  
2022-12-02 17:14:56,454 INFO h.ScreenShotHooks [main]     [temp\   -1669990496321.png]
2022-12-02 17:14:57,077 INFO h.ScreenShotHooks [main]     [temp\   -1669990496935.png]
2022-12-02 17:15:11,032 INFO s.SmartphonesPageSteps [main]  []:        
2022-12-02 17:15:11,501 INFO h.ScreenShotHooks [main]     [temp\   -1669990511368.png]
2022-12-02 17:15:11,906 INFO h.ScreenShotHooks [main]     [temp\   -1669990511797.png]
2022-12-02 17:15:11,908 INFO s.SmartphoneProductPageSteps [main]  [. ]:   ". "
2022-12-02 17:15:12,455 INFO h.ScreenShotHooks [main]     [temp\   -1669990512348.png]
2022-12-02 17:15:12,862 INFO h.ScreenShotHooks [main]     [temp\   -1669990512763.png]
2022-12-02 17:15:12,873 INFO s.SmartphoneProductPageSteps [main]  [. ]:   ". "   "Samsung"
2022-12-02 17:15:13,363 INFO h.ScreenShotHooks [main]     [temp\   -1669990513220.png]
2022-12-02 17:15:13,684 INFO h.DriverHooks [main]  !
2022-12-02 17:19:15,868 INFO w.d.WebDriverFactory [main]   Google Chrome
2022-12-02 17:19:18,042 INFO h.DriverHooks [main]  !
2022-12-02 17:19:18,519 INFO h.ScreenShotHooks [main]     [temp\   -1669990758345.png]
2022-12-02 17:19:21,698 INFO w.p.StartPage [main]   https://www.dns-shop.ru/
2022-12-02 17:19:21,699 INFO s.StartPageSteps [main]  [  DNS]:  "   DNS"
2022-12-02 17:19:22,655 INFO h.ScreenShotHooks [main]     [temp\   -1669990762485.png]
2022-12-02 17:19:23,193 INFO h.ScreenShotHooks [main]     [temp\   -1669990763065.png]
2022-12-02 17:19:25,685 INFO s.StartPageSteps [main]  [  DNS]:     ""
2022-12-02 17:19:26,242 INFO h.ScreenShotHooks [main]     [temp\   -1669990766119.png]
2022-12-02 17:19:26,685 INFO h.ScreenShotHooks [main]     [temp\   -1669990766576.png]
2022-12-02 17:19:26,692 INFO s.SmartphonesPageSteps [main]  []:   ""
2022-12-02 17:19:27,094 INFO h.ScreenShotHooks [main]     [temp\   -1669990766988.png]
2022-12-02 17:19:27,522 INFO h.ScreenShotHooks [main]     [temp\   -1669990767399.png]
2022-12-02 17:19:27,809 INFO s.SmartphonesPageSteps [main]  []:   " "
2022-12-02 17:19:30,379 INFO s.SmartphonesPageSteps [main]  []:   ""   "Samsung"
2022-12-02 17:19:34,797 INFO s.SmartphonesPageSteps [main]  []:   "  "   "8 "
2022-12-02 17:19:34,798 INFO s.SmartphonesPageSteps [main] *****         
2022-12-02 17:19:35,283 INFO h.ScreenShotHooks [main]     [temp\   -1669990775173.png]
2022-12-02 17:19:35,694 INFO h.ScreenShotHooks [main]     [temp\   -1669990775582.png]
2022-12-02 17:19:37,834 INFO s.SmartphonesPageSteps [main]  []:  
2022-12-02 17:19:38,359 INFO h.ScreenShotHooks [main]     [temp\   -1669990778202.png]
2022-12-02 17:19:38,929 INFO h.ScreenShotHooks [main]     [temp\   -1669990778820.png]
2022-12-02 17:19:50,459 INFO s.SmartphonesPageSteps [main]  []:        
2022-12-02 17:19:51,057 INFO h.ScreenShotHooks [main]     [temp\   -1669990790886.png]
2022-12-02 17:19:51,476 INFO h.ScreenShotHooks [main]     [temp\   -1669990791376.png]
2022-12-02 17:19:51,478 INFO s.SmartphoneProductPageSteps [main]  [. ]:   ". "
2022-12-02 17:19:51,879 INFO h.ScreenShotHooks [main]     [temp\   -1669990791780.png]
2022-12-02 17:19:52,246 INFO h.ScreenShotHooks [main]     [temp\   -1669990792150.png]
2022-12-02 17:19:52,257 INFO s.SmartphoneProductPageSteps [main]  [. ]:   ". "   "Samsung"
2022-12-02 17:19:52,679 INFO h.ScreenShotHooks [main]     [temp\   -1669990792562.png]
2022-12-02 17:19:52,929 INFO h.DriverHooks [main]  !
2022-12-02 17:21:30,487 INFO w.d.WebDriverFactory [main]   Google Chrome
2022-12-02 17:21:32,841 INFO h.DriverHooks [main]  !
2022-12-02 17:21:33,389 INFO h.ScreenShotHooks [main]     [temp\   -1669990893239.png]
2022-12-02 17:21:36,565 INFO w.p.StartPage [main]   https://www.dns-shop.ru/
2022-12-02 17:21:36,566 INFO s.StartPageSteps [main]  [  DNS]:  "   DNS"
2022-12-02 17:21:37,465 INFO h.ScreenShotHooks [main]     [temp\   -1669990897269.png]
2022-12-02 17:21:37,968 INFO h.ScreenShotHooks [main]     [temp\   -1669990897838.png]
2022-12-02 17:21:40,274 INFO s.StartPageSteps [main]  [  DNS]:     ""
2022-12-02 17:21:40,853 INFO h.ScreenShotHooks [main]     [temp\   -1669990900719.png]
2022-12-02 17:21:41,292 INFO h.ScreenShotHooks [main]     [temp\   -1669990901160.png]
2022-12-02 17:21:41,298 INFO s.SmartphonesPageSteps [main]  []:   ""
2022-12-02 17:21:41,733 INFO h.ScreenShotHooks [main]     [temp\   -1669990901614.png]
2022-12-02 17:21:42,195 INFO h.ScreenShotHooks [main]     [temp\   -1669990902042.png]
2022-12-02 17:21:42,477 INFO s.SmartphonesPageSteps [main]  []:   " "
2022-12-02 17:21:45,028 INFO s.SmartphonesPageSteps [main]  []:   ""   "Samsung"
2022-12-02 17:21:49,409 INFO s.SmartphonesPageSteps [main]  []:   "  "   "8 "
2022-12-02 17:21:49,409 INFO s.SmartphonesPageSteps [main] *****         
2022-12-02 17:21:49,880 INFO h.ScreenShotHooks [main]     [temp\   -1669990909767.png]
2022-12-02 17:21:50,324 INFO h.ScreenShotHooks [main]     [temp\   -1669990910209.png]
2022-12-02 17:21:52,492 INFO s.SmartphonesPageSteps [main]  []:  
2022-12-02 17:21:53,051 INFO h.ScreenShotHooks [main]     [temp\   -1669990912926.png]
2022-12-02 17:21:53,607 INFO h.ScreenShotHooks [main]     [temp\   -1669990913481.png]
2022-12-02 17:22:05,249 INFO s.SmartphonesPageSteps [main]  []:        
2022-12-02 17:22:05,765 INFO h.ScreenShotHooks [main]     [temp\   -1669990925637.png]
2022-12-02 17:22:06,166 INFO h.ScreenShotHooks [main]     [temp\   -1669990926068.png]
2022-12-02 17:22:06,168 INFO s.SmartphoneProductPageSteps [main]  [. ]:   ". "
2022-12-02 17:22:06,559 INFO h.ScreenShotHooks [main]     [temp\   -1669990926451.png]
2022-12-02 17:22:06,973 INFO h.ScreenShotHooks [main]     [temp\   -1669990926846.png]
2022-12-02 17:22:06,984 INFO s.SmartphoneProductPageSteps [main]  [. ]:   ". "   "Samsung"
2022-12-02 17:22:07,388 INFO h.ScreenShotHooks [main]     [temp\   -1669990927289.png]
2022-12-02 17:22:07,573 INFO h.DriverHooks [main]  !
